2022-11-29 22:42:35,649 ERROR p.l.ThrowingErrorListener [Test worker] Syntax error (1:0 ): message
2022-11-29 23:12:02,352 ERROR p.l.ThrowingErrorListener [Test worker] Syntax error (1:0 ): message
2022-11-29 23:17:57,733 INFO p.AntlrCalculatorParcer [Test worker] parse tree: (calculation (expression (expression (number 2)) + (expression (number 2))) <EOF>)
2022-11-29 23:19:17,058 INFO p.AntlrCalculatorParcer [Test worker] parse tree: (calculation (expression (expression (number 2)) * (expression (number 2))) <EOF>)
2022-11-29 23:19:17,101 INFO p.AntlrCalculatorParcer [Test worker] parse tree: (calculation (expression (expression (number 2)) / (expression (number 2))) <EOF>)
2022-11-29 23:19:17,125 INFO p.AntlrCalculatorParcer [Test worker] parse tree: (calculation (expression (expression (number 2)) + (expression (number 2))) <EOF>)
2022-11-29 23:19:17,152 INFO p.AntlrCalculatorParcer [Test worker] parse tree: (calculation (expression (expression (number 2)) - (expression (number 2))) <EOF>)
2022-11-29 23:19:17,175 INFO p.AntlrCalculatorParcer [Test worker] parse tree: (calculation (expression (expression ( (expression (expression (number 2)) + (expression (number 2))) )) * (expression (number 2))) <EOF>)
2022-11-29 23:19:17,197 INFO p.AntlrCalculatorParcer [Test worker] parse tree: (calculation (expression (expression ( (expression (expression (number 2)) + (expression (number 2))) )) * (expression ( (expression (expression (number 2)) / (expression (number 2))) ))) <EOF>)
2022-11-29 23:19:17,215 INFO p.AntlrCalculatorParcer [Test worker] parse tree: (calculation (expression (expression ( (expression (expression ( (expression (expression (number 2)) + (expression (number 2))) )) * (expression ( (expression (expression (number 2)) / (expression (number 2))) ))) )) - (expression (number 2))) <EOF>)
2022-11-29 23:23:15,497 INFO p.AntlrCalculatorParcer [Test worker] parse tree: (calculation (expression (expression (number 2)) * (expression (number 2))) <EOF>)
2022-11-29 23:23:15,538 INFO p.AntlrCalculatorParcer [Test worker] parse tree: (calculation (expression (expression (number 2)) / (expression (number 2))) <EOF>)
2022-11-29 23:23:15,560 INFO p.AntlrCalculatorParcer [Test worker] parse tree: (calculation (expression (expression (number 2)) + (expression (number 2))) <EOF>)
2022-11-29 23:23:15,583 INFO p.AntlrCalculatorParcer [Test worker] parse tree: (calculation (expression (expression (number 2)) - (expression (number 2))) <EOF>)
2022-11-29 23:23:15,608 INFO p.AntlrCalculatorParcer [Test worker] parse tree: (calculation (expression (expression ( (expression (expression (number 2)) + (expression (number 2))) )) * (expression (number 2))) <EOF>)
2022-11-29 23:23:15,633 INFO p.AntlrCalculatorParcer [Test worker] parse tree: (calculation (expression (expression ( (expression (expression (number 2)) + (expression (number 2))) )) * (expression ( (expression (expression (number 2)) / (expression (number 2))) ))) <EOF>)
2022-11-29 23:23:15,656 INFO p.AntlrCalculatorParcer [Test worker] parse tree: (calculation (expression (expression ( (expression (expression ( (expression (expression (number 2)) + (expression (number 2))) )) * (expression ( (expression (expression (number 2)) / (expression (number 2))) ))) )) - (expression (number 2))) <EOF>)
2022-11-29 23:23:15,680 INFO p.AntlrCalculatorParcer [Test worker] parse tree: (calculation (expression (expression ( (expression (expression (expression (number 2)) ^ (expression (number 2))) * (expression ( (expression (expression (number 2)) / (expression (number 2))) ))) )) - (expression (number 2))) <EOF>)
2022-11-29 23:23:15,720 ERROR p.l.ThrowingErrorListener [Test worker] Syntax error ( parser.exception.SyntaxError: extraneous input '*' expecting {SNUMBER, '('}
	at parser.listener.ThrowingErrorListener.syntaxError(ThrowingErrorListener.kt:27)
	at org.antlr.v4.runtime.ProxyErrorListener.syntaxError(ProxyErrorListener.java:41)
	at org.antlr.v4.runtime.Parser.notifyErrorListeners(Parser.java:544)
	at org.antlr.v4.runtime.DefaultErrorStrategy.reportUnwantedToken(DefaultErrorStrategy.java:377)
	at org.antlr.v4.runtime.DefaultErrorStrategy.singleTokenDeletion(DefaultErrorStrategy.java:548)
	at org.antlr.v4.runtime.DefaultErrorStrategy.sync(DefaultErrorStrategy.java:266)
	at org.antlr.v4.runtime.ParserInterpreter.visitDecisionState(ParserInterpreter.java:307)
	at org.antlr.v4.runtime.ParserInterpreter.visitState(ParserInterpreter.java:223)
	at org.antlr.v4.runtime.ParserInterpreter.parse(ParserInterpreter.java:194)
	at parser.AntlrCalculatorParcer.parse(AntlrCalculatorParcer.kt:24)
	at parser.AntlrCalculatorParcer.parse$default(AntlrCalculatorParcer.kt:15)
	at AntlrCalculatorParcerTest$parserTestsWithException$1.invoke(AntlrCalculatorParcerTest.kt:21)
	at AntlrCalculatorParcerTest$parserTestsWithException$1.invoke(AntlrCalculatorParcerTest.kt:21)
	at AntlrCalculatorParcerTest$inlined$sam$i$org_junit_jupiter_api_function_Executable$0.execute(Assertions.kt)
	at org.junit.jupiter.api.AssertThrows.assertThrows(AssertThrows.java:55)
	at org.junit.jupiter.api.AssertThrows.assertThrows(AssertThrows.java:37)
	at org.junit.jupiter.api.Assertions.assertThrows(Assertions.java:2952)
	at AntlrCalculatorParcerTest.parserTestsWithException(AntlrCalculatorParcerTest.kt:31)
	at java.base/jdk.internal.reflect.NativeMethodAccessorImpl.invoke0(Native Method)
	at java.base/jdk.internal.reflect.NativeMethodAccessorImpl.invoke(NativeMethodAccessorImpl.java:77)
	at java.base/jdk.internal.reflect.DelegatingMethodAccessorImpl.invoke(DelegatingMethodAccessorImpl.java:43)
	at java.base/java.lang.reflect.Method.invoke(Method.java:568)
	at org.junit.platform.commons.util.ReflectionUtils.invokeMethod(ReflectionUtils.java:686)
	at org.junit.jupiter.engine.execution.MethodInvocation.proceed(MethodInvocation.java:60)
	at org.junit.jupiter.engine.execution.InvocationInterceptorChain$ValidatingInvocation.proceed(InvocationInterceptorChain.java:131)
	at org.junit.jupiter.engine.extension.TimeoutExtension.intercept(TimeoutExtension.java:149)
	at org.junit.jupiter.engine.extension.TimeoutExtension.interceptTestableMethod(TimeoutExtension.java:140)
	at org.junit.jupiter.engine.extension.TimeoutExtension.interceptTestMethod(TimeoutExtension.java:84)
	at org.junit.jupiter.engine.execution.ExecutableInvoker$ReflectiveInterceptorCall.lambda$ofVoidMethod$0(ExecutableInvoker.java:115)
	at org.junit.jupiter.engine.execution.ExecutableInvoker.lambda$invoke$0(ExecutableInvoker.java:105)
	at org.junit.jupiter.engine.execution.InvocationInterceptorChain$InterceptedInvocation.proceed(InvocationInterceptorChain.java:106)
	at org.junit.jupiter.engine.execution.InvocationInterceptorChain.proceed(InvocationInterceptorChain.java:64)
	at org.junit.jupiter.engine.execution.InvocationInterceptorChain.chainAndInvoke(InvocationInterceptorChain.java:45)
	at org.junit.jupiter.engine.execution.InvocationInterceptorChain.invoke(InvocationInterceptorChain.java:37)
	at org.junit.jupiter.engine.execution.ExecutableInvoker.invoke(ExecutableInvoker.java:104)
	at org.junit.jupiter.engine.execution.ExecutableInvoker.invoke(ExecutableInvoker.java:98)
	at org.junit.jupiter.engine.descriptor.TestMethodTestDescriptor.lambda$invokeTestMethod$6(TestMethodTestDescriptor.java:205)
	at org.junit.platform.engine.support.hierarchical.ThrowableCollector.execute(ThrowableCollector.java:73)
	at org.junit.jupiter.engine.descriptor.TestMethodTestDescriptor.invokeTestMethod(TestMethodTestDescriptor.java:201)
	at org.junit.jupiter.engine.descriptor.TestMethodTestDescriptor.execute(TestMethodTestDescriptor.java:137)
	at org.junit.jupiter.engine.descriptor.TestMethodTestDescriptor.execute(TestMethodTestDescriptor.java:71)
	at org.junit.platform.engine.support.hierarchical.NodeTestTask.lambda$executeRecursively$5(NodeTestTask.java:135)
	at org.junit.platform.engine.support.hierarchical.ThrowableCollector.execute(ThrowableCollector.java:73)
	at org.junit.platform.engine.support.hierarchical.NodeTestTask.lambda$executeRecursively$7(NodeTestTask.java:125)
	at org.junit.platform.engine.support.hierarchical.Node.around(Node.java:135)
	at org.junit.platform.engine.support.hierarchical.NodeTestTask.lambda$executeRecursively$8(NodeTestTask.java:123)
	at org.junit.platform.engine.support.hierarchical.ThrowableCollector.execute(ThrowableCollector.java:73)
	at org.junit.platform.engine.support.hierarchical.NodeTestTask.executeRecursively(NodeTestTask.java:122)
	at org.junit.platform.engine.support.hierarchical.NodeTestTask.execute(NodeTestTask.java:80)
	at java.base/java.util.ArrayList.forEach(ArrayList.java:1511)
	at org.junit.platform.engine.support.hierarchical.SameThreadHierarchicalTestExecutorService.invokeAll(SameThreadHierarchicalTestExecutorService.java:38)
	at org.junit.platform.engine.support.hierarchical.NodeTestTask.lambda$executeRecursively$5(NodeTestTask.java:139)
	at org.junit.platform.engine.support.hierarchical.ThrowableCollector.execute(ThrowableCollector.java:73)
	at org.junit.platform.engine.support.hierarchical.NodeTestTask.lambda$executeRecursively$7(NodeTestTask.java:125)
	at org.junit.platform.engine.support.hierarchical.Node.around(Node.java:135)
	at org.junit.platform.engine.support.hierarchical.NodeTestTask.lambda$executeRecursively$8(NodeTestTask.java:123)
	at org.junit.platform.engine.support.hierarchical.ThrowableCollector.execute(ThrowableCollector.java:73)
	at org.junit.platform.engine.support.hierarchical.NodeTestTask.executeRecursively(NodeTestTask.java:122)
	at org.junit.platform.engine.support.hierarchical.NodeTestTask.execute(NodeTestTask.java:80)
	at java.base/java.util.ArrayList.forEach(ArrayList.java:1511)
	at org.junit.platform.engine.support.hierarchical.SameThreadHierarchicalTestExecutorService.invokeAll(SameThreadHierarchicalTestExecutorService.java:38)
	at org.junit.platform.engine.support.hierarchical.NodeTestTask.lambda$executeRecursively$5(NodeTestTask.java:139)
	at org.junit.platform.engine.support.hierarchical.ThrowableCollector.execute(ThrowableCollector.java:73)
	at org.junit.platform.engine.support.hierarchical.NodeTestTask.lambda$executeRecursively$7(NodeTestTask.java:125)
	at org.junit.platform.engine.support.hierarchical.Node.around(Node.java:135)
	at org.junit.platform.engine.support.hierarchical.NodeTestTask.lambda$executeRecursively$8(NodeTestTask.java:123)
	at org.junit.platform.engine.support.hierarchical.ThrowableCollector.execute(ThrowableCollector.java:73)
	at org.junit.platform.engine.support.hierarchical.NodeTestTask.executeRecursively(NodeTestTask.java:122)
	at org.junit.platform.engine.support.hierarchical.NodeTestTask.execute(NodeTestTask.java:80)
	at org.junit.platform.engine.support.hierarchical.SameThreadHierarchicalTestExecutorService.submit(SameThreadHierarchicalTestExecutorService.java:32)
	at org.junit.platform.engine.support.hierarchical.HierarchicalTestExecutor.execute(HierarchicalTestExecutor.java:57)
	at org.junit.platform.engine.support.hierarchical.HierarchicalTestEngine.execute(HierarchicalTestEngine.java:51)
	at org.junit.platform.launcher.core.EngineExecutionOrchestrator.execute(EngineExecutionOrchestrator.java:108)
	at org.junit.platform.launcher.core.EngineExecutionOrchestrator.execute(EngineExecutionOrchestrator.java:88)
	at org.junit.platform.launcher.core.EngineExecutionOrchestrator.lambda$execute$0(EngineExecutionOrchestrator.java:54)
	at org.junit.platform.launcher.core.EngineExecutionOrchestrator.withInterceptedStreams(EngineExecutionOrchestrator.java:67)
	at org.junit.platform.launcher.core.EngineExecutionOrchestrator.execute(EngineExecutionOrchestrator.java:52)
	at org.junit.platform.launcher.core.DefaultLauncher.execute(DefaultLauncher.java:96)
	at org.junit.platform.launcher.core.DefaultLauncher.execute(DefaultLauncher.java:75)
	at org.gradle.api.internal.tasks.testing.junitplatform.JUnitPlatformTestClassProcessor$CollectAllTestClassesExecutor.processAllTestClasses(JUnitPlatformTestClassProcessor.java:99)
	at org.gradle.api.internal.tasks.testing.junitplatform.JUnitPlatformTestClassProcessor$CollectAllTestClassesExecutor.access$000(JUnitPlatformTestClassProcessor.java:79)
	at org.gradle.api.internal.tasks.testing.junitplatform.JUnitPlatformTestClassProcessor.stop(JUnitPlatformTestClassProcessor.java:75)
	at org.gradle.api.internal.tasks.testing.SuiteTestClassProcessor.stop(SuiteTestClassProcessor.java:61)
	at java.base/jdk.internal.reflect.NativeMethodAccessorImpl.invoke0(Native Method)
	at java.base/jdk.internal.reflect.NativeMethodAccessorImpl.invoke(NativeMethodAccessorImpl.java:77)
	at java.base/jdk.internal.reflect.DelegatingMethodAccessorImpl.invoke(DelegatingMethodAccessorImpl.java:43)
	at java.base/java.lang.reflect.Method.invoke(Method.java:568)
	at org.gradle.internal.dispatch.ReflectionDispatch.dispatch(ReflectionDispatch.java:36)
	at org.gradle.internal.dispatch.ReflectionDispatch.dispatch(ReflectionDispatch.java:24)
	at org.gradle.internal.dispatch.ContextClassLoaderDispatch.dispatch(ContextClassLoaderDispatch.java:33)
	at org.gradle.internal.dispatch.ProxyDispatchAdapter$DispatchingInvocationHandler.invoke(ProxyDispatchAdapter.java:94)
	at jdk.proxy1/jdk.proxy1.$Proxy2.stop(Unknown Source)
	at org.gradle.api.internal.tasks.testing.worker.TestWorker$3.run(TestWorker.java:193)
	at org.gradle.api.internal.tasks.testing.worker.TestWorker.executeAndMaintainThreadName(TestWorker.java:129)
	at org.gradle.api.internal.tasks.testing.worker.TestWorker.execute(TestWorker.java:100)
	at org.gradle.api.internal.tasks.testing.worker.TestWorker.execute(TestWorker.java:60)
	at org.gradle.process.internal.worker.child.ActionExecutionWorker.execute(ActionExecutionWorker.java:56)
	at org.gradle.process.internal.worker.child.SystemApplicationClassLoaderWorker.call(SystemApplicationClassLoaderWorker.java:133)
	at org.gradle.process.internal.worker.child.SystemApplicationClassLoaderWorker.call(SystemApplicationClassLoaderWorker.java:71)
	at worker.org.gradle.process.internal.worker.GradleWorkerMain.run(GradleWorkerMain.java:69)
	at worker.org.gradle.process.internal.worker.GradleWorkerMain.main(GradleWorkerMain.java:74)
Caused by: parser.exception.InlineRecognitionException: extraneous input '*' expecting {SNUMBER, '('}
	at parser.listener.ThrowingErrorListener.syntaxError(ThrowingErrorListener.kt:20)
	... 100 more
) 
2022-11-29 23:23:15,750 ERROR p.l.ThrowingErrorListener [Test worker] Syntax error ( parser.exception.SyntaxError: missing ')' at '<EOF>'
	at parser.listener.ThrowingErrorListener.syntaxError(ThrowingErrorListener.kt:27)
	at org.antlr.v4.runtime.ProxyErrorListener.syntaxError(ProxyErrorListener.java:41)
	at org.antlr.v4.runtime.Parser.notifyErrorListeners(Parser.java:544)
	at org.antlr.v4.runtime.DefaultErrorStrategy.reportMissingToken(DefaultErrorStrategy.java:409)
	at org.antlr.v4.runtime.DefaultErrorStrategy.singleTokenInsertion(DefaultErrorStrategy.java:519)
	at org.antlr.v4.runtime.DefaultErrorStrategy.recoverInline(DefaultErrorStrategy.java:476)
	at org.antlr.v4.runtime.Parser.match(Parser.java:208)
	at org.antlr.v4.runtime.ParserInterpreter.visitState(ParserInterpreter.java:246)
	at org.antlr.v4.runtime.ParserInterpreter.parse(ParserInterpreter.java:194)
	at parser.AntlrCalculatorParcer.parse(AntlrCalculatorParcer.kt:24)
	at parser.AntlrCalculatorParcer.parse$default(AntlrCalculatorParcer.kt:15)
	at AntlrCalculatorParcerTest$parserTestsWithException$2.invoke(AntlrCalculatorParcerTest.kt:22)
	at AntlrCalculatorParcerTest$parserTestsWithException$2.invoke(AntlrCalculatorParcerTest.kt:22)
	at AntlrCalculatorParcerTest$inlined$sam$i$org_junit_jupiter_api_function_Executable$0.execute(Assertions.kt)
	at org.junit.jupiter.api.AssertThrows.assertThrows(AssertThrows.java:55)
	at org.junit.jupiter.api.AssertThrows.assertThrows(AssertThrows.java:37)
	at org.junit.jupiter.api.Assertions.assertThrows(Assertions.java:2952)
	at AntlrCalculatorParcerTest.parserTestsWithException(AntlrCalculatorParcerTest.kt:32)
	at java.base/jdk.internal.reflect.NativeMethodAccessorImpl.invoke0(Native Method)
	at java.base/jdk.internal.reflect.NativeMethodAccessorImpl.invoke(NativeMethodAccessorImpl.java:77)
	at java.base/jdk.internal.reflect.DelegatingMethodAccessorImpl.invoke(DelegatingMethodAccessorImpl.java:43)
	at java.base/java.lang.reflect.Method.invoke(Method.java:568)
	at org.junit.platform.commons.util.ReflectionUtils.invokeMethod(ReflectionUtils.java:686)
	at org.junit.jupiter.engine.execution.MethodInvocation.proceed(MethodInvocation.java:60)
	at org.junit.jupiter.engine.execution.InvocationInterceptorChain$ValidatingInvocation.proceed(InvocationInterceptorChain.java:131)
	at org.junit.jupiter.engine.extension.TimeoutExtension.intercept(TimeoutExtension.java:149)
	at org.junit.jupiter.engine.extension.TimeoutExtension.interceptTestableMethod(TimeoutExtension.java:140)
	at org.junit.jupiter.engine.extension.TimeoutExtension.interceptTestMethod(TimeoutExtension.java:84)
	at org.junit.jupiter.engine.execution.ExecutableInvoker$ReflectiveInterceptorCall.lambda$ofVoidMethod$0(ExecutableInvoker.java:115)
	at org.junit.jupiter.engine.execution.ExecutableInvoker.lambda$invoke$0(ExecutableInvoker.java:105)
	at org.junit.jupiter.engine.execution.InvocationInterceptorChain$InterceptedInvocation.proceed(InvocationInterceptorChain.java:106)
	at org.junit.jupiter.engine.execution.InvocationInterceptorChain.proceed(InvocationInterceptorChain.java:64)
	at org.junit.jupiter.engine.execution.InvocationInterceptorChain.chainAndInvoke(InvocationInterceptorChain.java:45)
	at org.junit.jupiter.engine.execution.InvocationInterceptorChain.invoke(InvocationInterceptorChain.java:37)
	at org.junit.jupiter.engine.execution.ExecutableInvoker.invoke(ExecutableInvoker.java:104)
	at org.junit.jupiter.engine.execution.ExecutableInvoker.invoke(ExecutableInvoker.java:98)
	at org.junit.jupiter.engine.descriptor.TestMethodTestDescriptor.lambda$invokeTestMethod$6(TestMethodTestDescriptor.java:205)
	at org.junit.platform.engine.support.hierarchical.ThrowableCollector.execute(ThrowableCollector.java:73)
	at org.junit.jupiter.engine.descriptor.TestMethodTestDescriptor.invokeTestMethod(TestMethodTestDescriptor.java:201)
	at org.junit.jupiter.engine.descriptor.TestMethodTestDescriptor.execute(TestMethodTestDescriptor.java:137)
	at org.junit.jupiter.engine.descriptor.TestMethodTestDescriptor.execute(TestMethodTestDescriptor.java:71)
	at org.junit.platform.engine.support.hierarchical.NodeTestTask.lambda$executeRecursively$5(NodeTestTask.java:135)
	at org.junit.platform.engine.support.hierarchical.ThrowableCollector.execute(ThrowableCollector.java:73)
	at org.junit.platform.engine.support.hierarchical.NodeTestTask.lambda$executeRecursively$7(NodeTestTask.java:125)
	at org.junit.platform.engine.support.hierarchical.Node.around(Node.java:135)
	at org.junit.platform.engine.support.hierarchical.NodeTestTask.lambda$executeRecursively$8(NodeTestTask.java:123)
	at org.junit.platform.engine.support.hierarchical.ThrowableCollector.execute(ThrowableCollector.java:73)
	at org.junit.platform.engine.support.hierarchical.NodeTestTask.executeRecursively(NodeTestTask.java:122)
	at org.junit.platform.engine.support.hierarchical.NodeTestTask.execute(NodeTestTask.java:80)
	at java.base/java.util.ArrayList.forEach(ArrayList.java:1511)
	at org.junit.platform.engine.support.hierarchical.SameThreadHierarchicalTestExecutorService.invokeAll(SameThreadHierarchicalTestExecutorService.java:38)
	at org.junit.platform.engine.support.hierarchical.NodeTestTask.lambda$executeRecursively$5(NodeTestTask.java:139)
	at org.junit.platform.engine.support.hierarchical.ThrowableCollector.execute(ThrowableCollector.java:73)
	at org.junit.platform.engine.support.hierarchical.NodeTestTask.lambda$executeRecursively$7(NodeTestTask.java:125)
	at org.junit.platform.engine.support.hierarchical.Node.around(Node.java:135)
	at org.junit.platform.engine.support.hierarchical.NodeTestTask.lambda$executeRecursively$8(NodeTestTask.java:123)
	at org.junit.platform.engine.support.hierarchical.ThrowableCollector.execute(ThrowableCollector.java:73)
	at org.junit.platform.engine.support.hierarchical.NodeTestTask.executeRecursively(NodeTestTask.java:122)
	at org.junit.platform.engine.support.hierarchical.NodeTestTask.execute(NodeTestTask.java:80)
	at java.base/java.util.ArrayList.forEach(ArrayList.java:1511)
	at org.junit.platform.engine.support.hierarchical.SameThreadHierarchicalTestExecutorService.invokeAll(SameThreadHierarchicalTestExecutorService.java:38)
	at org.junit.platform.engine.support.hierarchical.NodeTestTask.lambda$executeRecursively$5(NodeTestTask.java:139)
	at org.junit.platform.engine.support.hierarchical.ThrowableCollector.execute(ThrowableCollector.java:73)
	at org.junit.platform.engine.support.hierarchical.NodeTestTask.lambda$executeRecursively$7(NodeTestTask.java:125)
	at org.junit.platform.engine.support.hierarchical.Node.around(Node.java:135)
	at org.junit.platform.engine.support.hierarchical.NodeTestTask.lambda$executeRecursively$8(NodeTestTask.java:123)
	at org.junit.platform.engine.support.hierarchical.ThrowableCollector.execute(ThrowableCollector.java:73)
	at org.junit.platform.engine.support.hierarchical.NodeTestTask.executeRecursively(NodeTestTask.java:122)
	at org.junit.platform.engine.support.hierarchical.NodeTestTask.execute(NodeTestTask.java:80)
	at org.junit.platform.engine.support.hierarchical.SameThreadHierarchicalTestExecutorService.submit(SameThreadHierarchicalTestExecutorService.java:32)
	at org.junit.platform.engine.support.hierarchical.HierarchicalTestExecutor.execute(HierarchicalTestExecutor.java:57)
	at org.junit.platform.engine.support.hierarchical.HierarchicalTestEngine.execute(HierarchicalTestEngine.java:51)
	at org.junit.platform.launcher.core.EngineExecutionOrchestrator.execute(EngineExecutionOrchestrator.java:108)
	at org.junit.platform.launcher.core.EngineExecutionOrchestrator.execute(EngineExecutionOrchestrator.java:88)
	at org.junit.platform.launcher.core.EngineExecutionOrchestrator.lambda$execute$0(EngineExecutionOrchestrator.java:54)
	at org.junit.platform.launcher.core.EngineExecutionOrchestrator.withInterceptedStreams(EngineExecutionOrchestrator.java:67)
	at org.junit.platform.launcher.core.EngineExecutionOrchestrator.execute(EngineExecutionOrchestrator.java:52)
	at org.junit.platform.launcher.core.DefaultLauncher.execute(DefaultLauncher.java:96)
	at org.junit.platform.launcher.core.DefaultLauncher.execute(DefaultLauncher.java:75)
	at org.gradle.api.internal.tasks.testing.junitplatform.JUnitPlatformTestClassProcessor$CollectAllTestClassesExecutor.processAllTestClasses(JUnitPlatformTestClassProcessor.java:99)
	at org.gradle.api.internal.tasks.testing.junitplatform.JUnitPlatformTestClassProcessor$CollectAllTestClassesExecutor.access$000(JUnitPlatformTestClassProcessor.java:79)
	at org.gradle.api.internal.tasks.testing.junitplatform.JUnitPlatformTestClassProcessor.stop(JUnitPlatformTestClassProcessor.java:75)
	at org.gradle.api.internal.tasks.testing.SuiteTestClassProcessor.stop(SuiteTestClassProcessor.java:61)
	at java.base/jdk.internal.reflect.NativeMethodAccessorImpl.invoke0(Native Method)
	at java.base/jdk.internal.reflect.NativeMethodAccessorImpl.invoke(NativeMethodAccessorImpl.java:77)
	at java.base/jdk.internal.reflect.DelegatingMethodAccessorImpl.invoke(DelegatingMethodAccessorImpl.java:43)
	at java.base/java.lang.reflect.Method.invoke(Method.java:568)
	at org.gradle.internal.dispatch.ReflectionDispatch.dispatch(ReflectionDispatch.java:36)
	at org.gradle.internal.dispatch.ReflectionDispatch.dispatch(ReflectionDispatch.java:24)
	at org.gradle.internal.dispatch.ContextClassLoaderDispatch.dispatch(ContextClassLoaderDispatch.java:33)
	at org.gradle.internal.dispatch.ProxyDispatchAdapter$DispatchingInvocationHandler.invoke(ProxyDispatchAdapter.java:94)
	at jdk.proxy1/jdk.proxy1.$Proxy2.stop(Unknown Source)
	at org.gradle.api.internal.tasks.testing.worker.TestWorker$3.run(TestWorker.java:193)
	at org.gradle.api.internal.tasks.testing.worker.TestWorker.executeAndMaintainThreadName(TestWorker.java:129)
	at org.gradle.api.internal.tasks.testing.worker.TestWorker.execute(TestWorker.java:100)
	at org.gradle.api.internal.tasks.testing.worker.TestWorker.execute(TestWorker.java:60)
	at org.gradle.process.internal.worker.child.ActionExecutionWorker.execute(ActionExecutionWorker.java:56)
	at org.gradle.process.internal.worker.child.SystemApplicationClassLoaderWorker.call(SystemApplicationClassLoaderWorker.java:133)
	at org.gradle.process.internal.worker.child.SystemApplicationClassLoaderWorker.call(SystemApplicationClassLoaderWorker.java:71)
	at worker.org.gradle.process.internal.worker.GradleWorkerMain.run(GradleWorkerMain.java:69)
	at worker.org.gradle.process.internal.worker.GradleWorkerMain.main(GradleWorkerMain.java:74)
Caused by: parser.exception.InlineRecognitionException: missing ')' at '<EOF>'
	at parser.listener.ThrowingErrorListener.syntaxError(ThrowingErrorListener.kt:20)
	... 100 more
) 
2022-11-29 23:23:15,779 ERROR p.l.ThrowingErrorListener [Test worker] Syntax error (1:2 ): message
2022-11-29 23:23:15,794 ERROR p.l.ThrowingErrorListener [Test worker] Syntax error (1:2 ): message
2022-11-29 23:23:15,808 ERROR p.l.ThrowingErrorListener [Test worker] Syntax error (1:3 ): message
2022-11-29 23:23:15,821 ERROR p.l.ThrowingErrorListener [Test worker] Syntax error (1:2 ): message
2022-11-29 23:23:15,834 ERROR p.l.ThrowingErrorListener [Test worker] Syntax error (1:6 ): message
2022-11-29 23:23:15,849 ERROR p.l.ThrowingErrorListener [Test worker] Syntax error ( parser.exception.SyntaxError: extraneous input ')' expecting {<EOF>, SNUMBER, '('}
	at parser.listener.ThrowingErrorListener.syntaxError(ThrowingErrorListener.kt:27)
	at org.antlr.v4.runtime.ProxyErrorListener.syntaxError(ProxyErrorListener.java:41)
	at org.antlr.v4.runtime.Parser.notifyErrorListeners(Parser.java:544)
	at org.antlr.v4.runtime.DefaultErrorStrategy.reportUnwantedToken(DefaultErrorStrategy.java:377)
	at org.antlr.v4.runtime.DefaultErrorStrategy.singleTokenDeletion(DefaultErrorStrategy.java:548)
	at org.antlr.v4.runtime.DefaultErrorStrategy.sync(DefaultErrorStrategy.java:266)
	at org.antlr.v4.runtime.ParserInterpreter.visitDecisionState(ParserInterpreter.java:307)
	at org.antlr.v4.runtime.ParserInterpreter.visitState(ParserInterpreter.java:223)
	at org.antlr.v4.runtime.ParserInterpreter.parse(ParserInterpreter.java:194)
	at parser.AntlrCalculatorParcer.parse(AntlrCalculatorParcer.kt:24)
	at parser.AntlrCalculatorParcer.parse$default(AntlrCalculatorParcer.kt:15)
	at AntlrCalculatorParcerTest$parserTestsWithException$8.invoke(AntlrCalculatorParcerTest.kt:28)
	at AntlrCalculatorParcerTest$parserTestsWithException$8.invoke(AntlrCalculatorParcerTest.kt:28)
	at AntlrCalculatorParcerTest$inlined$sam$i$org_junit_jupiter_api_function_Executable$0.execute(Assertions.kt)
	at org.junit.jupiter.api.AssertThrows.assertThrows(AssertThrows.java:55)
	at org.junit.jupiter.api.AssertThrows.assertThrows(AssertThrows.java:37)
	at org.junit.jupiter.api.Assertions.assertThrows(Assertions.java:2952)
	at AntlrCalculatorParcerTest.parserTestsWithException(AntlrCalculatorParcerTest.kt:38)
	at java.base/jdk.internal.reflect.NativeMethodAccessorImpl.invoke0(Native Method)
	at java.base/jdk.internal.reflect.NativeMethodAccessorImpl.invoke(NativeMethodAccessorImpl.java:77)
	at java.base/jdk.internal.reflect.DelegatingMethodAccessorImpl.invoke(DelegatingMethodAccessorImpl.java:43)
	at java.base/java.lang.reflect.Method.invoke(Method.java:568)
	at org.junit.platform.commons.util.ReflectionUtils.invokeMethod(ReflectionUtils.java:686)
	at org.junit.jupiter.engine.execution.MethodInvocation.proceed(MethodInvocation.java:60)
	at org.junit.jupiter.engine.execution.InvocationInterceptorChain$ValidatingInvocation.proceed(InvocationInterceptorChain.java:131)
	at org.junit.jupiter.engine.extension.TimeoutExtension.intercept(TimeoutExtension.java:149)
	at org.junit.jupiter.engine.extension.TimeoutExtension.interceptTestableMethod(TimeoutExtension.java:140)
	at org.junit.jupiter.engine.extension.TimeoutExtension.interceptTestMethod(TimeoutExtension.java:84)
	at org.junit.jupiter.engine.execution.ExecutableInvoker$ReflectiveInterceptorCall.lambda$ofVoidMethod$0(ExecutableInvoker.java:115)
	at org.junit.jupiter.engine.execution.ExecutableInvoker.lambda$invoke$0(ExecutableInvoker.java:105)
	at org.junit.jupiter.engine.execution.InvocationInterceptorChain$InterceptedInvocation.proceed(InvocationInterceptorChain.java:106)
	at org.junit.jupiter.engine.execution.InvocationInterceptorChain.proceed(InvocationInterceptorChain.java:64)
	at org.junit.jupiter.engine.execution.InvocationInterceptorChain.chainAndInvoke(InvocationInterceptorChain.java:45)
	at org.junit.jupiter.engine.execution.InvocationInterceptorChain.invoke(InvocationInterceptorChain.java:37)
	at org.junit.jupiter.engine.execution.ExecutableInvoker.invoke(ExecutableInvoker.java:104)
	at org.junit.jupiter.engine.execution.ExecutableInvoker.invoke(ExecutableInvoker.java:98)
	at org.junit.jupiter.engine.descriptor.TestMethodTestDescriptor.lambda$invokeTestMethod$6(TestMethodTestDescriptor.java:205)
	at org.junit.platform.engine.support.hierarchical.ThrowableCollector.execute(ThrowableCollector.java:73)
	at org.junit.jupiter.engine.descriptor.TestMethodTestDescriptor.invokeTestMethod(TestMethodTestDescriptor.java:201)
	at org.junit.jupiter.engine.descriptor.TestMethodTestDescriptor.execute(TestMethodTestDescriptor.java:137)
	at org.junit.jupiter.engine.descriptor.TestMethodTestDescriptor.execute(TestMethodTestDescriptor.java:71)
	at org.junit.platform.engine.support.hierarchical.NodeTestTask.lambda$executeRecursively$5(NodeTestTask.java:135)
	at org.junit.platform.engine.support.hierarchical.ThrowableCollector.execute(ThrowableCollector.java:73)
	at org.junit.platform.engine.support.hierarchical.NodeTestTask.lambda$executeRecursively$7(NodeTestTask.java:125)
	at org.junit.platform.engine.support.hierarchical.Node.around(Node.java:135)
	at org.junit.platform.engine.support.hierarchical.NodeTestTask.lambda$executeRecursively$8(NodeTestTask.java:123)
	at org.junit.platform.engine.support.hierarchical.ThrowableCollector.execute(ThrowableCollector.java:73)
	at org.junit.platform.engine.support.hierarchical.NodeTestTask.executeRecursively(NodeTestTask.java:122)
	at org.junit.platform.engine.support.hierarchical.NodeTestTask.execute(NodeTestTask.java:80)
	at java.base/java.util.ArrayList.forEach(ArrayList.java:1511)
	at org.junit.platform.engine.support.hierarchical.SameThreadHierarchicalTestExecutorService.invokeAll(SameThreadHierarchicalTestExecutorService.java:38)
	at org.junit.platform.engine.support.hierarchical.NodeTestTask.lambda$executeRecursively$5(NodeTestTask.java:139)
	at org.junit.platform.engine.support.hierarchical.ThrowableCollector.execute(ThrowableCollector.java:73)
	at org.junit.platform.engine.support.hierarchical.NodeTestTask.lambda$executeRecursively$7(NodeTestTask.java:125)
	at org.junit.platform.engine.support.hierarchical.Node.around(Node.java:135)
	at org.junit.platform.engine.support.hierarchical.NodeTestTask.lambda$executeRecursively$8(NodeTestTask.java:123)
	at org.junit.platform.engine.support.hierarchical.ThrowableCollector.execute(ThrowableCollector.java:73)
	at org.junit.platform.engine.support.hierarchical.NodeTestTask.executeRecursively(NodeTestTask.java:122)
	at org.junit.platform.engine.support.hierarchical.NodeTestTask.execute(NodeTestTask.java:80)
	at java.base/java.util.ArrayList.forEach(ArrayList.java:1511)
	at org.junit.platform.engine.support.hierarchical.SameThreadHierarchicalTestExecutorService.invokeAll(SameThreadHierarchicalTestExecutorService.java:38)
	at org.junit.platform.engine.support.hierarchical.NodeTestTask.lambda$executeRecursively$5(NodeTestTask.java:139)
	at org.junit.platform.engine.support.hierarchical.ThrowableCollector.execute(ThrowableCollector.java:73)
	at org.junit.platform.engine.support.hierarchical.NodeTestTask.lambda$executeRecursively$7(NodeTestTask.java:125)
	at org.junit.platform.engine.support.hierarchical.Node.around(Node.java:135)
	at org.junit.platform.engine.support.hierarchical.NodeTestTask.lambda$executeRecursively$8(NodeTestTask.java:123)
	at org.junit.platform.engine.support.hierarchical.ThrowableCollector.execute(ThrowableCollector.java:73)
	at org.junit.platform.engine.support.hierarchical.NodeTestTask.executeRecursively(NodeTestTask.java:122)
	at org.junit.platform.engine.support.hierarchical.NodeTestTask.execute(NodeTestTask.java:80)
	at org.junit.platform.engine.support.hierarchical.SameThreadHierarchicalTestExecutorService.submit(SameThreadHierarchicalTestExecutorService.java:32)
	at org.junit.platform.engine.support.hierarchical.HierarchicalTestExecutor.execute(HierarchicalTestExecutor.java:57)
	at org.junit.platform.engine.support.hierarchical.HierarchicalTestEngine.execute(HierarchicalTestEngine.java:51)
	at org.junit.platform.launcher.core.EngineExecutionOrchestrator.execute(EngineExecutionOrchestrator.java:108)
	at org.junit.platform.launcher.core.EngineExecutionOrchestrator.execute(EngineExecutionOrchestrator.java:88)
	at org.junit.platform.launcher.core.EngineExecutionOrchestrator.lambda$execute$0(EngineExecutionOrchestrator.java:54)
	at org.junit.platform.launcher.core.EngineExecutionOrchestrator.withInterceptedStreams(EngineExecutionOrchestrator.java:67)
	at org.junit.platform.launcher.core.EngineExecutionOrchestrator.execute(EngineExecutionOrchestrator.java:52)
	at org.junit.platform.launcher.core.DefaultLauncher.execute(DefaultLauncher.java:96)
	at org.junit.platform.launcher.core.DefaultLauncher.execute(DefaultLauncher.java:75)
	at org.gradle.api.internal.tasks.testing.junitplatform.JUnitPlatformTestClassProcessor$CollectAllTestClassesExecutor.processAllTestClasses(JUnitPlatformTestClassProcessor.java:99)
	at org.gradle.api.internal.tasks.testing.junitplatform.JUnitPlatformTestClassProcessor$CollectAllTestClassesExecutor.access$000(JUnitPlatformTestClassProcessor.java:79)
	at org.gradle.api.internal.tasks.testing.junitplatform.JUnitPlatformTestClassProcessor.stop(JUnitPlatformTestClassProcessor.java:75)
	at org.gradle.api.internal.tasks.testing.SuiteTestClassProcessor.stop(SuiteTestClassProcessor.java:61)
	at java.base/jdk.internal.reflect.NativeMethodAccessorImpl.invoke0(Native Method)
	at java.base/jdk.internal.reflect.NativeMethodAccessorImpl.invoke(NativeMethodAccessorImpl.java:77)
	at java.base/jdk.internal.reflect.DelegatingMethodAccessorImpl.invoke(DelegatingMethodAccessorImpl.java:43)
	at java.base/java.lang.reflect.Method.invoke(Method.java:568)
	at org.gradle.internal.dispatch.ReflectionDispatch.dispatch(ReflectionDispatch.java:36)
	at org.gradle.internal.dispatch.ReflectionDispatch.dispatch(ReflectionDispatch.java:24)
	at org.gradle.internal.dispatch.ContextClassLoaderDispatch.dispatch(ContextClassLoaderDispatch.java:33)
	at org.gradle.internal.dispatch.ProxyDispatchAdapter$DispatchingInvocationHandler.invoke(ProxyDispatchAdapter.java:94)
	at jdk.proxy1/jdk.proxy1.$Proxy2.stop(Unknown Source)
	at org.gradle.api.internal.tasks.testing.worker.TestWorker$3.run(TestWorker.java:193)
	at org.gradle.api.internal.tasks.testing.worker.TestWorker.executeAndMaintainThreadName(TestWorker.java:129)
	at org.gradle.api.internal.tasks.testing.worker.TestWorker.execute(TestWorker.java:100)
	at org.gradle.api.internal.tasks.testing.worker.TestWorker.execute(TestWorker.java:60)
	at org.gradle.process.internal.worker.child.ActionExecutionWorker.execute(ActionExecutionWorker.java:56)
	at org.gradle.process.internal.worker.child.SystemApplicationClassLoaderWorker.call(SystemApplicationClassLoaderWorker.java:133)
	at org.gradle.process.internal.worker.child.SystemApplicationClassLoaderWorker.call(SystemApplicationClassLoaderWorker.java:71)
	at worker.org.gradle.process.internal.worker.GradleWorkerMain.run(GradleWorkerMain.java:69)
	at worker.org.gradle.process.internal.worker.GradleWorkerMain.main(GradleWorkerMain.java:74)
Caused by: parser.exception.InlineRecognitionException: extraneous input ')' expecting {<EOF>, SNUMBER, '('}
	at parser.listener.ThrowingErrorListener.syntaxError(ThrowingErrorListener.kt:20)
	... 100 more
) 
2022-11-29 23:23:44,459 INFO p.AntlrCalculatorParcer [Test worker] parse tree: (calculation (expression (expression (number 2)) * (expression (number 2))) <EOF>)
2022-11-29 23:23:44,524 INFO p.AntlrCalculatorParcer [Test worker] parse tree: (calculation (expression (expression (number 2)) / (expression (number 2))) <EOF>)
2022-11-29 23:23:44,562 INFO p.AntlrCalculatorParcer [Test worker] parse tree: (calculation (expression (expression (number 2)) + (expression (number 2))) <EOF>)
2022-11-29 23:23:44,604 INFO p.AntlrCalculatorParcer [Test worker] parse tree: (calculation (expression (expression (number 2)) - (expression (number 2))) <EOF>)
2022-11-29 23:23:44,668 INFO p.AntlrCalculatorParcer [Test worker] parse tree: (calculation (expression (expression ( (expression (expression (number 2)) + (expression (number 2))) )) * (expression (number 2))) <EOF>)
2022-11-29 23:23:44,756 INFO p.AntlrCalculatorParcer [Test worker] parse tree: (calculation (expression (expression ( (expression (expression (number 2)) + (expression (number 2))) )) * (expression ( (expression (expression (number 2)) / (expression (number 2))) ))) <EOF>)
2022-11-29 23:23:44,819 INFO p.AntlrCalculatorParcer [Test worker] parse tree: (calculation (expression (expression ( (expression (expression ( (expression (expression (number 2)) + (expression (number 2))) )) * (expression ( (expression (expression (number 2)) / (expression (number 2))) ))) )) - (expression (number 2))) <EOF>)
2022-11-29 23:23:44,884 INFO p.AntlrCalculatorParcer [Test worker] parse tree: (calculation (expression (expression ( (expression (expression (expression (number 2)) ^ (expression (number 2))) * (expression ( (expression (expression (number 2)) / (expression (number 2))) ))) )) - (expression (number 2))) <EOF>)
2022-11-29 23:26:41,047 ERROR p.l.ThrowingErrorListener [Test worker] Syntax error ( parser.exception.SyntaxError: extraneous input '*' expecting {SNUMBER, '('}
	at parser.listener.ThrowingErrorListener.syntaxError(ThrowingErrorListener.kt:27)
	at org.antlr.v4.runtime.ProxyErrorListener.syntaxError(ProxyErrorListener.java:41)
	at org.antlr.v4.runtime.Parser.notifyErrorListeners(Parser.java:544)
	at org.antlr.v4.runtime.DefaultErrorStrategy.reportUnwantedToken(DefaultErrorStrategy.java:377)
	at org.antlr.v4.runtime.DefaultErrorStrategy.singleTokenDeletion(DefaultErrorStrategy.java:548)
	at org.antlr.v4.runtime.DefaultErrorStrategy.sync(DefaultErrorStrategy.java:266)
	at org.antlr.v4.runtime.ParserInterpreter.visitDecisionState(ParserInterpreter.java:307)
	at org.antlr.v4.runtime.ParserInterpreter.visitState(ParserInterpreter.java:223)
	at org.antlr.v4.runtime.ParserInterpreter.parse(ParserInterpreter.java:194)
	at parser.AntlrCalculatorParcer.parse(AntlrCalculatorParcer.kt:24)
	at parser.AntlrCalculatorParcer.parse$default(AntlrCalculatorParcer.kt:15)
	at AntlrCalculatorParcerTest$parserTestsWithException$1.invoke(AntlrCalculatorParcerTest.kt:21)
	at AntlrCalculatorParcerTest$parserTestsWithException$1.invoke(AntlrCalculatorParcerTest.kt:21)
	at AntlrCalculatorParcerTest$inlined$sam$i$org_junit_jupiter_api_function_Executable$0.execute(Assertions.kt)
	at org.junit.jupiter.api.AssertThrows.assertThrows(AssertThrows.java:55)
	at org.junit.jupiter.api.AssertThrows.assertThrows(AssertThrows.java:37)
	at org.junit.jupiter.api.Assertions.assertThrows(Assertions.java:2952)
	at AntlrCalculatorParcerTest.parserTestsWithException(AntlrCalculatorParcerTest.kt:31)
	at java.base/jdk.internal.reflect.NativeMethodAccessorImpl.invoke0(Native Method)
	at java.base/jdk.internal.reflect.NativeMethodAccessorImpl.invoke(NativeMethodAccessorImpl.java:77)
	at java.base/jdk.internal.reflect.DelegatingMethodAccessorImpl.invoke(DelegatingMethodAccessorImpl.java:43)
	at java.base/java.lang.reflect.Method.invoke(Method.java:568)
	at org.junit.platform.commons.util.ReflectionUtils.invokeMethod(ReflectionUtils.java:686)
	at org.junit.jupiter.engine.execution.MethodInvocation.proceed(MethodInvocation.java:60)
	at org.junit.jupiter.engine.execution.InvocationInterceptorChain$ValidatingInvocation.proceed(InvocationInterceptorChain.java:131)
	at org.junit.jupiter.engine.extension.TimeoutExtension.intercept(TimeoutExtension.java:149)
	at org.junit.jupiter.engine.extension.TimeoutExtension.interceptTestableMethod(TimeoutExtension.java:140)
	at org.junit.jupiter.engine.extension.TimeoutExtension.interceptTestMethod(TimeoutExtension.java:84)
	at org.junit.jupiter.engine.execution.ExecutableInvoker$ReflectiveInterceptorCall.lambda$ofVoidMethod$0(ExecutableInvoker.java:115)
	at org.junit.jupiter.engine.execution.ExecutableInvoker.lambda$invoke$0(ExecutableInvoker.java:105)
	at org.junit.jupiter.engine.execution.InvocationInterceptorChain$InterceptedInvocation.proceed(InvocationInterceptorChain.java:106)
	at org.junit.jupiter.engine.execution.InvocationInterceptorChain.proceed(InvocationInterceptorChain.java:64)
	at org.junit.jupiter.engine.execution.InvocationInterceptorChain.chainAndInvoke(InvocationInterceptorChain.java:45)
	at org.junit.jupiter.engine.execution.InvocationInterceptorChain.invoke(InvocationInterceptorChain.java:37)
	at org.junit.jupiter.engine.execution.ExecutableInvoker.invoke(ExecutableInvoker.java:104)
	at org.junit.jupiter.engine.execution.ExecutableInvoker.invoke(ExecutableInvoker.java:98)
	at org.junit.jupiter.engine.descriptor.TestMethodTestDescriptor.lambda$invokeTestMethod$6(TestMethodTestDescriptor.java:205)
	at org.junit.platform.engine.support.hierarchical.ThrowableCollector.execute(ThrowableCollector.java:73)
	at org.junit.jupiter.engine.descriptor.TestMethodTestDescriptor.invokeTestMethod(TestMethodTestDescriptor.java:201)
	at org.junit.jupiter.engine.descriptor.TestMethodTestDescriptor.execute(TestMethodTestDescriptor.java:137)
	at org.junit.jupiter.engine.descriptor.TestMethodTestDescriptor.execute(TestMethodTestDescriptor.java:71)
	at org.junit.platform.engine.support.hierarchical.NodeTestTask.lambda$executeRecursively$5(NodeTestTask.java:135)
	at org.junit.platform.engine.support.hierarchical.ThrowableCollector.execute(ThrowableCollector.java:73)
	at org.junit.platform.engine.support.hierarchical.NodeTestTask.lambda$executeRecursively$7(NodeTestTask.java:125)
	at org.junit.platform.engine.support.hierarchical.Node.around(Node.java:135)
	at org.junit.platform.engine.support.hierarchical.NodeTestTask.lambda$executeRecursively$8(NodeTestTask.java:123)
	at org.junit.platform.engine.support.hierarchical.ThrowableCollector.execute(ThrowableCollector.java:73)
	at org.junit.platform.engine.support.hierarchical.NodeTestTask.executeRecursively(NodeTestTask.java:122)
	at org.junit.platform.engine.support.hierarchical.NodeTestTask.execute(NodeTestTask.java:80)
	at java.base/java.util.ArrayList.forEach(ArrayList.java:1511)
	at org.junit.platform.engine.support.hierarchical.SameThreadHierarchicalTestExecutorService.invokeAll(SameThreadHierarchicalTestExecutorService.java:38)
	at org.junit.platform.engine.support.hierarchical.NodeTestTask.lambda$executeRecursively$5(NodeTestTask.java:139)
	at org.junit.platform.engine.support.hierarchical.ThrowableCollector.execute(ThrowableCollector.java:73)
	at org.junit.platform.engine.support.hierarchical.NodeTestTask.lambda$executeRecursively$7(NodeTestTask.java:125)
	at org.junit.platform.engine.support.hierarchical.Node.around(Node.java:135)
	at org.junit.platform.engine.support.hierarchical.NodeTestTask.lambda$executeRecursively$8(NodeTestTask.java:123)
	at org.junit.platform.engine.support.hierarchical.ThrowableCollector.execute(ThrowableCollector.java:73)
	at org.junit.platform.engine.support.hierarchical.NodeTestTask.executeRecursively(NodeTestTask.java:122)
	at org.junit.platform.engine.support.hierarchical.NodeTestTask.execute(NodeTestTask.java:80)
	at java.base/java.util.ArrayList.forEach(ArrayList.java:1511)
	at org.junit.platform.engine.support.hierarchical.SameThreadHierarchicalTestExecutorService.invokeAll(SameThreadHierarchicalTestExecutorService.java:38)
	at org.junit.platform.engine.support.hierarchical.NodeTestTask.lambda$executeRecursively$5(NodeTestTask.java:139)
	at org.junit.platform.engine.support.hierarchical.ThrowableCollector.execute(ThrowableCollector.java:73)
	at org.junit.platform.engine.support.hierarchical.NodeTestTask.lambda$executeRecursively$7(NodeTestTask.java:125)
	at org.junit.platform.engine.support.hierarchical.Node.around(Node.java:135)
	at org.junit.platform.engine.support.hierarchical.NodeTestTask.lambda$executeRecursively$8(NodeTestTask.java:123)
	at org.junit.platform.engine.support.hierarchical.ThrowableCollector.execute(ThrowableCollector.java:73)
	at org.junit.platform.engine.support.hierarchical.NodeTestTask.executeRecursively(NodeTestTask.java:122)
	at org.junit.platform.engine.support.hierarchical.NodeTestTask.execute(NodeTestTask.java:80)
	at org.junit.platform.engine.support.hierarchical.SameThreadHierarchicalTestExecutorService.submit(SameThreadHierarchicalTestExecutorService.java:32)
	at org.junit.platform.engine.support.hierarchical.HierarchicalTestExecutor.execute(HierarchicalTestExecutor.java:57)
	at org.junit.platform.engine.support.hierarchical.HierarchicalTestEngine.execute(HierarchicalTestEngine.java:51)
	at org.junit.platform.launcher.core.EngineExecutionOrchestrator.execute(EngineExecutionOrchestrator.java:108)
	at org.junit.platform.launcher.core.EngineExecutionOrchestrator.execute(EngineExecutionOrchestrator.java:88)
	at org.junit.platform.launcher.core.EngineExecutionOrchestrator.lambda$execute$0(EngineExecutionOrchestrator.java:54)
	at org.junit.platform.launcher.core.EngineExecutionOrchestrator.withInterceptedStreams(EngineExecutionOrchestrator.java:67)
	at org.junit.platform.launcher.core.EngineExecutionOrchestrator.execute(EngineExecutionOrchestrator.java:52)
	at org.junit.platform.launcher.core.DefaultLauncher.execute(DefaultLauncher.java:96)
	at org.junit.platform.launcher.core.DefaultLauncher.execute(DefaultLauncher.java:75)
	at org.gradle.api.internal.tasks.testing.junitplatform.JUnitPlatformTestClassProcessor$CollectAllTestClassesExecutor.processAllTestClasses(JUnitPlatformTestClassProcessor.java:99)
	at org.gradle.api.internal.tasks.testing.junitplatform.JUnitPlatformTestClassProcessor$CollectAllTestClassesExecutor.access$000(JUnitPlatformTestClassProcessor.java:79)
	at org.gradle.api.internal.tasks.testing.junitplatform.JUnitPlatformTestClassProcessor.stop(JUnitPlatformTestClassProcessor.java:75)
	at org.gradle.api.internal.tasks.testing.SuiteTestClassProcessor.stop(SuiteTestClassProcessor.java:61)
	at java.base/jdk.internal.reflect.NativeMethodAccessorImpl.invoke0(Native Method)
	at java.base/jdk.internal.reflect.NativeMethodAccessorImpl.invoke(NativeMethodAccessorImpl.java:77)
	at java.base/jdk.internal.reflect.DelegatingMethodAccessorImpl.invoke(DelegatingMethodAccessorImpl.java:43)
	at java.base/java.lang.reflect.Method.invoke(Method.java:568)
	at org.gradle.internal.dispatch.ReflectionDispatch.dispatch(ReflectionDispatch.java:36)
	at org.gradle.internal.dispatch.ReflectionDispatch.dispatch(ReflectionDispatch.java:24)
	at org.gradle.internal.dispatch.ContextClassLoaderDispatch.dispatch(ContextClassLoaderDispatch.java:33)
	at org.gradle.internal.dispatch.ProxyDispatchAdapter$DispatchingInvocationHandler.invoke(ProxyDispatchAdapter.java:94)
	at jdk.proxy1/jdk.proxy1.$Proxy2.stop(Unknown Source)
	at org.gradle.api.internal.tasks.testing.worker.TestWorker$3.run(TestWorker.java:193)
	at org.gradle.api.internal.tasks.testing.worker.TestWorker.executeAndMaintainThreadName(TestWorker.java:129)
	at org.gradle.api.internal.tasks.testing.worker.TestWorker.execute(TestWorker.java:100)
	at org.gradle.api.internal.tasks.testing.worker.TestWorker.execute(TestWorker.java:60)
	at org.gradle.process.internal.worker.child.ActionExecutionWorker.execute(ActionExecutionWorker.java:56)
	at org.gradle.process.internal.worker.child.SystemApplicationClassLoaderWorker.call(SystemApplicationClassLoaderWorker.java:133)
	at org.gradle.process.internal.worker.child.SystemApplicationClassLoaderWorker.call(SystemApplicationClassLoaderWorker.java:71)
	at worker.org.gradle.process.internal.worker.GradleWorkerMain.run(GradleWorkerMain.java:69)
	at worker.org.gradle.process.internal.worker.GradleWorkerMain.main(GradleWorkerMain.java:74)
Caused by: parser.exception.InlineRecognitionException: extraneous input '*' expecting {SNUMBER, '('}
	at parser.listener.ThrowingErrorListener.syntaxError(ThrowingErrorListener.kt:20)
	... 100 more
) 
2022-11-29 23:33:50,519 ERROR p.l.ThrowingErrorListener [Test worker] Syntax error ( parser.exception.SyntaxError: extraneous input '*' expecting {SNUMBER, '('}
	at parser.listener.ThrowingErrorListener.syntaxError(ThrowingErrorListener.kt:27)
	at org.antlr.v4.runtime.ProxyErrorListener.syntaxError(ProxyErrorListener.java:41)
	at org.antlr.v4.runtime.Parser.notifyErrorListeners(Parser.java:544)
	at org.antlr.v4.runtime.DefaultErrorStrategy.reportUnwantedToken(DefaultErrorStrategy.java:377)
	at org.antlr.v4.runtime.DefaultErrorStrategy.singleTokenDeletion(DefaultErrorStrategy.java:548)
	at org.antlr.v4.runtime.DefaultErrorStrategy.sync(DefaultErrorStrategy.java:266)
	at org.antlr.v4.runtime.ParserInterpreter.visitDecisionState(ParserInterpreter.java:307)
	at org.antlr.v4.runtime.ParserInterpreter.visitState(ParserInterpreter.java:223)
	at org.antlr.v4.runtime.ParserInterpreter.parse(ParserInterpreter.java:194)
	at parser.AntlrCalculatorParcer.parse(AntlrCalculatorParcer.kt:24)
	at parser.AntlrCalculatorParcer.parse$default(AntlrCalculatorParcer.kt:15)
	at AntlrCalculatorParcerTest$parserTestsWithException$1.invoke(AntlrCalculatorParcerTest.kt:21)
	at AntlrCalculatorParcerTest$parserTestsWithException$1.invoke(AntlrCalculatorParcerTest.kt:21)
	at AntlrCalculatorParcerTest$inlined$sam$i$org_junit_jupiter_api_function_Executable$0.execute(Assertions.kt)
	at org.junit.jupiter.api.AssertThrows.assertThrows(AssertThrows.java:55)
	at org.junit.jupiter.api.AssertThrows.assertThrows(AssertThrows.java:37)
	at org.junit.jupiter.api.Assertions.assertThrows(Assertions.java:2952)
	at AntlrCalculatorParcerTest.parserTestsWithException(AntlrCalculatorParcerTest.kt:31)
	at java.base/jdk.internal.reflect.NativeMethodAccessorImpl.invoke0(Native Method)
	at java.base/jdk.internal.reflect.NativeMethodAccessorImpl.invoke(NativeMethodAccessorImpl.java:77)
	at java.base/jdk.internal.reflect.DelegatingMethodAccessorImpl.invoke(DelegatingMethodAccessorImpl.java:43)
	at java.base/java.lang.reflect.Method.invoke(Method.java:568)
	at org.junit.platform.commons.util.ReflectionUtils.invokeMethod(ReflectionUtils.java:686)
	at org.junit.jupiter.engine.execution.MethodInvocation.proceed(MethodInvocation.java:60)
	at org.junit.jupiter.engine.execution.InvocationInterceptorChain$ValidatingInvocation.proceed(InvocationInterceptorChain.java:131)
	at org.junit.jupiter.engine.extension.TimeoutExtension.intercept(TimeoutExtension.java:149)
	at org.junit.jupiter.engine.extension.TimeoutExtension.interceptTestableMethod(TimeoutExtension.java:140)
	at org.junit.jupiter.engine.extension.TimeoutExtension.interceptTestMethod(TimeoutExtension.java:84)
	at org.junit.jupiter.engine.execution.ExecutableInvoker$ReflectiveInterceptorCall.lambda$ofVoidMethod$0(ExecutableInvoker.java:115)
	at org.junit.jupiter.engine.execution.ExecutableInvoker.lambda$invoke$0(ExecutableInvoker.java:105)
	at org.junit.jupiter.engine.execution.InvocationInterceptorChain$InterceptedInvocation.proceed(InvocationInterceptorChain.java:106)
	at org.junit.jupiter.engine.execution.InvocationInterceptorChain.proceed(InvocationInterceptorChain.java:64)
	at org.junit.jupiter.engine.execution.InvocationInterceptorChain.chainAndInvoke(InvocationInterceptorChain.java:45)
	at org.junit.jupiter.engine.execution.InvocationInterceptorChain.invoke(InvocationInterceptorChain.java:37)
	at org.junit.jupiter.engine.execution.ExecutableInvoker.invoke(ExecutableInvoker.java:104)
	at org.junit.jupiter.engine.execution.ExecutableInvoker.invoke(ExecutableInvoker.java:98)
	at org.junit.jupiter.engine.descriptor.TestMethodTestDescriptor.lambda$invokeTestMethod$6(TestMethodTestDescriptor.java:205)
	at org.junit.platform.engine.support.hierarchical.ThrowableCollector.execute(ThrowableCollector.java:73)
	at org.junit.jupiter.engine.descriptor.TestMethodTestDescriptor.invokeTestMethod(TestMethodTestDescriptor.java:201)
	at org.junit.jupiter.engine.descriptor.TestMethodTestDescriptor.execute(TestMethodTestDescriptor.java:137)
	at org.junit.jupiter.engine.descriptor.TestMethodTestDescriptor.execute(TestMethodTestDescriptor.java:71)
	at org.junit.platform.engine.support.hierarchical.NodeTestTask.lambda$executeRecursively$5(NodeTestTask.java:135)
	at org.junit.platform.engine.support.hierarchical.ThrowableCollector.execute(ThrowableCollector.java:73)
	at org.junit.platform.engine.support.hierarchical.NodeTestTask.lambda$executeRecursively$7(NodeTestTask.java:125)
	at org.junit.platform.engine.support.hierarchical.Node.around(Node.java:135)
	at org.junit.platform.engine.support.hierarchical.NodeTestTask.lambda$executeRecursively$8(NodeTestTask.java:123)
	at org.junit.platform.engine.support.hierarchical.ThrowableCollector.execute(ThrowableCollector.java:73)
	at org.junit.platform.engine.support.hierarchical.NodeTestTask.executeRecursively(NodeTestTask.java:122)
	at org.junit.platform.engine.support.hierarchical.NodeTestTask.execute(NodeTestTask.java:80)
	at java.base/java.util.ArrayList.forEach(ArrayList.java:1511)
	at org.junit.platform.engine.support.hierarchical.SameThreadHierarchicalTestExecutorService.invokeAll(SameThreadHierarchicalTestExecutorService.java:38)
	at org.junit.platform.engine.support.hierarchical.NodeTestTask.lambda$executeRecursively$5(NodeTestTask.java:139)
	at org.junit.platform.engine.support.hierarchical.ThrowableCollector.execute(ThrowableCollector.java:73)
	at org.junit.platform.engine.support.hierarchical.NodeTestTask.lambda$executeRecursively$7(NodeTestTask.java:125)
	at org.junit.platform.engine.support.hierarchical.Node.around(Node.java:135)
	at org.junit.platform.engine.support.hierarchical.NodeTestTask.lambda$executeRecursively$8(NodeTestTask.java:123)
	at org.junit.platform.engine.support.hierarchical.ThrowableCollector.execute(ThrowableCollector.java:73)
	at org.junit.platform.engine.support.hierarchical.NodeTestTask.executeRecursively(NodeTestTask.java:122)
	at org.junit.platform.engine.support.hierarchical.NodeTestTask.execute(NodeTestTask.java:80)
	at java.base/java.util.ArrayList.forEach(ArrayList.java:1511)
	at org.junit.platform.engine.support.hierarchical.SameThreadHierarchicalTestExecutorService.invokeAll(SameThreadHierarchicalTestExecutorService.java:38)
	at org.junit.platform.engine.support.hierarchical.NodeTestTask.lambda$executeRecursively$5(NodeTestTask.java:139)
	at org.junit.platform.engine.support.hierarchical.ThrowableCollector.execute(ThrowableCollector.java:73)
	at org.junit.platform.engine.support.hierarchical.NodeTestTask.lambda$executeRecursively$7(NodeTestTask.java:125)
	at org.junit.platform.engine.support.hierarchical.Node.around(Node.java:135)
	at org.junit.platform.engine.support.hierarchical.NodeTestTask.lambda$executeRecursively$8(NodeTestTask.java:123)
	at org.junit.platform.engine.support.hierarchical.ThrowableCollector.execute(ThrowableCollector.java:73)
	at org.junit.platform.engine.support.hierarchical.NodeTestTask.executeRecursively(NodeTestTask.java:122)
	at org.junit.platform.engine.support.hierarchical.NodeTestTask.execute(NodeTestTask.java:80)
	at org.junit.platform.engine.support.hierarchical.SameThreadHierarchicalTestExecutorService.submit(SameThreadHierarchicalTestExecutorService.java:32)
	at org.junit.platform.engine.support.hierarchical.HierarchicalTestExecutor.execute(HierarchicalTestExecutor.java:57)
	at org.junit.platform.engine.support.hierarchical.HierarchicalTestEngine.execute(HierarchicalTestEngine.java:51)
	at org.junit.platform.launcher.core.EngineExecutionOrchestrator.execute(EngineExecutionOrchestrator.java:108)
	at org.junit.platform.launcher.core.EngineExecutionOrchestrator.execute(EngineExecutionOrchestrator.java:88)
	at org.junit.platform.launcher.core.EngineExecutionOrchestrator.lambda$execute$0(EngineExecutionOrchestrator.java:54)
	at org.junit.platform.launcher.core.EngineExecutionOrchestrator.withInterceptedStreams(EngineExecutionOrchestrator.java:67)
	at org.junit.platform.launcher.core.EngineExecutionOrchestrator.execute(EngineExecutionOrchestrator.java:52)
	at org.junit.platform.launcher.core.DefaultLauncher.execute(DefaultLauncher.java:96)
	at org.junit.platform.launcher.core.DefaultLauncher.execute(DefaultLauncher.java:75)
	at org.gradle.api.internal.tasks.testing.junitplatform.JUnitPlatformTestClassProcessor$CollectAllTestClassesExecutor.processAllTestClasses(JUnitPlatformTestClassProcessor.java:99)
	at org.gradle.api.internal.tasks.testing.junitplatform.JUnitPlatformTestClassProcessor$CollectAllTestClassesExecutor.access$000(JUnitPlatformTestClassProcessor.java:79)
	at org.gradle.api.internal.tasks.testing.junitplatform.JUnitPlatformTestClassProcessor.stop(JUnitPlatformTestClassProcessor.java:75)
	at org.gradle.api.internal.tasks.testing.SuiteTestClassProcessor.stop(SuiteTestClassProcessor.java:61)
	at java.base/jdk.internal.reflect.NativeMethodAccessorImpl.invoke0(Native Method)
	at java.base/jdk.internal.reflect.NativeMethodAccessorImpl.invoke(NativeMethodAccessorImpl.java:77)
	at java.base/jdk.internal.reflect.DelegatingMethodAccessorImpl.invoke(DelegatingMethodAccessorImpl.java:43)
	at java.base/java.lang.reflect.Method.invoke(Method.java:568)
	at org.gradle.internal.dispatch.ReflectionDispatch.dispatch(ReflectionDispatch.java:36)
	at org.gradle.internal.dispatch.ReflectionDispatch.dispatch(ReflectionDispatch.java:24)
	at org.gradle.internal.dispatch.ContextClassLoaderDispatch.dispatch(ContextClassLoaderDispatch.java:33)
	at org.gradle.internal.dispatch.ProxyDispatchAdapter$DispatchingInvocationHandler.invoke(ProxyDispatchAdapter.java:94)
	at jdk.proxy1/jdk.proxy1.$Proxy2.stop(Unknown Source)
	at org.gradle.api.internal.tasks.testing.worker.TestWorker$3.run(TestWorker.java:193)
	at org.gradle.api.internal.tasks.testing.worker.TestWorker.executeAndMaintainThreadName(TestWorker.java:129)
	at org.gradle.api.internal.tasks.testing.worker.TestWorker.execute(TestWorker.java:100)
	at org.gradle.api.internal.tasks.testing.worker.TestWorker.execute(TestWorker.java:60)
	at org.gradle.process.internal.worker.child.ActionExecutionWorker.execute(ActionExecutionWorker.java:56)
	at org.gradle.process.internal.worker.child.SystemApplicationClassLoaderWorker.call(SystemApplicationClassLoaderWorker.java:133)
	at org.gradle.process.internal.worker.child.SystemApplicationClassLoaderWorker.call(SystemApplicationClassLoaderWorker.java:71)
	at worker.org.gradle.process.internal.worker.GradleWorkerMain.run(GradleWorkerMain.java:69)
	at worker.org.gradle.process.internal.worker.GradleWorkerMain.main(GradleWorkerMain.java:74)
Caused by: java.lang.Exception: extraneous input '*' expecting {SNUMBER, '('}
	at parser.exception.SyntaxError.<init>(SyntaxError.kt:10)
	... 101 more
) 
2022-11-29 23:36:46,755 ERROR p.l.ThrowingErrorListener [Test worker] Syntax error extraneous input '*' expecting {SNUMBER, '('}
2022-11-29 23:38:56,970 ERROR p.l.ThrowingErrorListener [Test worker] Syntax error extraneous input '*' expecting {SNUMBER, '('}
2022-11-29 23:38:57,044 ERROR p.l.ThrowingErrorListener [Test worker] Syntax error missing ')' at '<EOF>'
2022-11-29 23:38:57,068 ERROR p.l.ThrowingErrorListener [Test worker] Syntax error (1:2 ): message
2022-11-29 23:38:57,092 ERROR p.l.ThrowingErrorListener [Test worker] Syntax error (1:2 ): message
2022-11-29 23:38:57,116 ERROR p.l.ThrowingErrorListener [Test worker] Syntax error (1:3 ): message
2022-11-29 23:38:57,145 ERROR p.l.ThrowingErrorListener [Test worker] Syntax error (1:2 ): message
2022-11-29 23:38:57,167 ERROR p.l.ThrowingErrorListener [Test worker] Syntax error (1:6 ): message
2022-11-29 23:38:57,189 ERROR p.l.ThrowingErrorListener [Test worker] Syntax error extraneous input ')' expecting {<EOF>, SNUMBER, '('}
2022-11-29 23:41:41,720 INFO p.AntlrCalculatorParcer [Test worker] parse tree: (calculation (expression (expression (number 2)) * (expression (number 2))) <EOF>)
2022-11-29 23:41:41,766 INFO p.AntlrCalculatorParcer [Test worker] parse tree: (calculation (expression (expression (number 2)) / (expression (number 2))) <EOF>)
2022-11-29 23:41:41,793 INFO p.AntlrCalculatorParcer [Test worker] parse tree: (calculation (expression (expression (number 2)) + (expression (number 2))) <EOF>)
2022-11-29 23:41:41,818 INFO p.AntlrCalculatorParcer [Test worker] parse tree: (calculation (expression (expression (number 2)) - (expression (number 2))) <EOF>)
2022-11-29 23:41:41,843 INFO p.AntlrCalculatorParcer [Test worker] parse tree: (calculation (expression (expression ( (expression (expression (number 2)) + (expression (number 2))) )) * (expression (number 2))) <EOF>)
2022-11-29 23:41:41,867 INFO p.AntlrCalculatorParcer [Test worker] parse tree: (calculation (expression (expression ( (expression (expression (number 2)) + (expression (number 2))) )) * (expression ( (expression (expression (number 2)) / (expression (number 2))) ))) <EOF>)
2022-11-29 23:41:41,891 INFO p.AntlrCalculatorParcer [Test worker] parse tree: (calculation (expression (expression ( (expression (expression ( (expression (expression (number 2)) + (expression (number 2))) )) * (expression ( (expression (expression (number 2)) / (expression (number 2))) ))) )) - (expression (number 2))) <EOF>)
2022-11-29 23:41:41,915 INFO p.AntlrCalculatorParcer [Test worker] parse tree: (calculation (expression (expression ( (expression (expression (expression (number 2)) ^ (expression (number 2))) * (expression ( (expression (expression (number 2)) / (expression (number 2))) ))) )) - (expression (number 2))) <EOF>)
2022-11-29 23:41:41,949 ERROR p.l.ThrowingErrorListener [Test worker] Syntax error extraneous input '*' expecting {SNUMBER, '('}
2022-11-29 23:41:41,965 ERROR p.l.ThrowingErrorListener [Test worker] Syntax error missing ')' at '<EOF>'
2022-11-29 23:41:41,980 ERROR p.l.ThrowingErrorListener [Test worker] Syntax error (1:2 ): message token recognition error at: '='
2022-11-29 23:41:41,994 ERROR p.l.ThrowingErrorListener [Test worker] Syntax error (1:2 ): message token recognition error at: '>'
2022-11-29 23:41:42,008 ERROR p.l.ThrowingErrorListener [Test worker] Syntax error (1:3 ): message token recognition error at: '>'
2022-11-29 23:41:42,021 ERROR p.l.ThrowingErrorListener [Test worker] Syntax error (1:2 ): message token recognition error at: '<'
2022-11-29 23:41:42,034 ERROR p.l.ThrowingErrorListener [Test worker] Syntax error (1:6 ): message token recognition error at: '='
2022-11-29 23:41:42,048 ERROR p.l.ThrowingErrorListener [Test worker] Syntax error extraneous input ')' expecting {<EOF>, SNUMBER, '('}
2022-11-29 23:42:30,955 INFO p.AntlrCalculatorParcer [Test worker] parse tree: (calculation (expression (expression (number 2)) * (expression (number 2))) <EOF>)
2022-11-29 23:42:30,998 INFO p.AntlrCalculatorParcer [Test worker] parse tree: (calculation (expression (expression (number 2)) / (expression (number 2))) <EOF>)
2022-11-29 23:42:31,021 INFO p.AntlrCalculatorParcer [Test worker] parse tree: (calculation (expression (expression (number 2)) + (expression (number 2))) <EOF>)
2022-11-29 23:42:31,045 INFO p.AntlrCalculatorParcer [Test worker] parse tree: (calculation (expression (expression (number 2)) - (expression (number 2))) <EOF>)
2022-11-29 23:42:31,068 INFO p.AntlrCalculatorParcer [Test worker] parse tree: (calculation (expression (expression ( (expression (expression (number 2)) + (expression (number 2))) )) * (expression (number 2))) <EOF>)
2022-11-29 23:42:31,092 INFO p.AntlrCalculatorParcer [Test worker] parse tree: (calculation (expression (expression ( (expression (expression (number 2)) + (expression (number 2))) )) * (expression ( (expression (expression (number 2)) / (expression (number 2))) ))) <EOF>)
2022-11-29 23:42:31,114 INFO p.AntlrCalculatorParcer [Test worker] parse tree: (calculation (expression (expression ( (expression (expression ( (expression (expression (number 2)) + (expression (number 2))) )) * (expression ( (expression (expression (number 2)) / (expression (number 2))) ))) )) - (expression (number 2))) <EOF>)
2022-11-29 23:42:31,132 INFO p.AntlrCalculatorParcer [Test worker] parse tree: (calculation (expression (expression ( (expression (expression (expression (number 2)) ^ (expression (number 2))) * (expression ( (expression (expression (number 2)) / (expression (number 2))) ))) )) - (expression (number 2))) <EOF>)
2022-11-29 23:42:31,159 ERROR p.l.ThrowingErrorListener [Test worker] Syntax error extraneous input '*' expecting {SNUMBER, '('}
2022-11-29 23:44:00,407 INFO p.AntlrCalculatorParcer [Test worker] parse tree: (calculation (expression (expression (number 2)) * (expression (number 2))) <EOF>)
2022-11-29 23:44:00,457 INFO p.AntlrCalculatorParcer [Test worker] parse tree: (calculation (expression (expression (number 2)) / (expression (number 2))) <EOF>)
2022-11-29 23:44:00,484 INFO p.AntlrCalculatorParcer [Test worker] parse tree: (calculation (expression (expression (number 2)) + (expression (number 2))) <EOF>)
2022-11-29 23:44:00,511 INFO p.AntlrCalculatorParcer [Test worker] parse tree: (calculation (expression (expression (number 2)) - (expression (number 2))) <EOF>)
2022-11-29 23:44:00,537 INFO p.AntlrCalculatorParcer [Test worker] parse tree: (calculation (expression (expression ( (expression (expression (number 2)) + (expression (number 2))) )) * (expression (number 2))) <EOF>)
2022-11-29 23:44:00,558 INFO p.AntlrCalculatorParcer [Test worker] parse tree: (calculation (expression (expression ( (expression (expression (number 2)) + (expression (number 2))) )) * (expression ( (expression (expression (number 2)) / (expression (number 2))) ))) <EOF>)
2022-11-29 23:44:00,578 INFO p.AntlrCalculatorParcer [Test worker] parse tree: (calculation (expression (expression ( (expression (expression ( (expression (expression (number 2)) + (expression (number 2))) )) * (expression ( (expression (expression (number 2)) / (expression (number 2))) ))) )) - (expression (number 2))) <EOF>)
2022-11-29 23:44:00,598 INFO p.AntlrCalculatorParcer [Test worker] parse tree: (calculation (expression (expression ( (expression (expression (expression (number 2)) ^ (expression (number 2))) * (expression ( (expression (expression (number 2)) / (expression (number 2))) ))) )) - (expression (number 2))) <EOF>)
2022-11-29 23:44:00,629 ERROR p.l.ThrowingErrorListener [Test worker] Syntax error line 1:3 extraneous input '*' expecting {SNUMBER, '('}
2022-11-29 23:44:58,393 INFO p.AntlrCalculatorParcer [Test worker] parse tree: (calculation (expression (expression (number 2)) * (expression (number 2))) <EOF>)
2022-11-29 23:44:58,434 INFO p.AntlrCalculatorParcer [Test worker] parse tree: (calculation (expression (expression (number 2)) / (expression (number 2))) <EOF>)
2022-11-29 23:44:58,457 INFO p.AntlrCalculatorParcer [Test worker] parse tree: (calculation (expression (expression (number 2)) + (expression (number 2))) <EOF>)
2022-11-29 23:44:58,482 INFO p.AntlrCalculatorParcer [Test worker] parse tree: (calculation (expression (expression (number 2)) - (expression (number 2))) <EOF>)
2022-11-29 23:44:58,506 INFO p.AntlrCalculatorParcer [Test worker] parse tree: (calculation (expression (expression ( (expression (expression (number 2)) + (expression (number 2))) )) * (expression (number 2))) <EOF>)
2022-11-29 23:44:58,532 INFO p.AntlrCalculatorParcer [Test worker] parse tree: (calculation (expression (expression ( (expression (expression (number 2)) + (expression (number 2))) )) * (expression ( (expression (expression (number 2)) / (expression (number 2))) ))) <EOF>)
2022-11-29 23:44:58,554 INFO p.AntlrCalculatorParcer [Test worker] parse tree: (calculation (expression (expression ( (expression (expression ( (expression (expression (number 2)) + (expression (number 2))) )) * (expression ( (expression (expression (number 2)) / (expression (number 2))) ))) )) - (expression (number 2))) <EOF>)
2022-11-29 23:44:58,577 INFO p.AntlrCalculatorParcer [Test worker] parse tree: (calculation (expression (expression ( (expression (expression (expression (number 2)) ^ (expression (number 2))) * (expression ( (expression (expression (number 2)) / (expression (number 2))) ))) )) - (expression (number 2))) <EOF>)
2022-11-29 23:44:58,608 ERROR p.l.ThrowingErrorListener [Test worker] Syntax error in line 1:3 extraneous input '*' expecting {SNUMBER, '('}
2022-11-29 23:45:18,745 INFO p.AntlrCalculatorParcer [Test worker] parse tree: (calculation (expression (expression (number 2)) * (expression (number 2))) <EOF>)
2022-11-29 23:45:18,826 INFO p.AntlrCalculatorParcer [Test worker] parse tree: (calculation (expression (expression (number 2)) / (expression (number 2))) <EOF>)
2022-11-29 23:45:18,853 INFO p.AntlrCalculatorParcer [Test worker] parse tree: (calculation (expression (expression (number 2)) + (expression (number 2))) <EOF>)
2022-11-29 23:45:18,876 INFO p.AntlrCalculatorParcer [Test worker] parse tree: (calculation (expression (expression (number 2)) - (expression (number 2))) <EOF>)
2022-11-29 23:45:18,897 INFO p.AntlrCalculatorParcer [Test worker] parse tree: (calculation (expression (expression ( (expression (expression (number 2)) + (expression (number 2))) )) * (expression (number 2))) <EOF>)
2022-11-29 23:45:18,917 INFO p.AntlrCalculatorParcer [Test worker] parse tree: (calculation (expression (expression ( (expression (expression (number 2)) + (expression (number 2))) )) * (expression ( (expression (expression (number 2)) / (expression (number 2))) ))) <EOF>)
2022-11-29 23:45:18,935 INFO p.AntlrCalculatorParcer [Test worker] parse tree: (calculation (expression (expression ( (expression (expression ( (expression (expression (number 2)) + (expression (number 2))) )) * (expression ( (expression (expression (number 2)) / (expression (number 2))) ))) )) - (expression (number 2))) <EOF>)
2022-11-29 23:45:18,956 INFO p.AntlrCalculatorParcer [Test worker] parse tree: (calculation (expression (expression ( (expression (expression (expression (number 2)) ^ (expression (number 2))) * (expression ( (expression (expression (number 2)) / (expression (number 2))) ))) )) - (expression (number 2))) <EOF>)
2022-11-29 23:45:18,988 ERROR p.l.ThrowingErrorListener [Test worker] Syntax error in line 1:3 extraneous input '*' expecting {SNUMBER, '('}
2022-11-29 23:45:19,016 ERROR p.l.ThrowingErrorListener [Test worker] Syntax error in line 1:10 missing ')' at '<EOF>'
2022-11-29 23:45:19,032 ERROR p.l.ThrowingErrorListener [Test worker] Syntax error in line 1:2 message token recognition error at: '='
2022-11-29 23:45:19,046 ERROR p.l.ThrowingErrorListener [Test worker] Syntax error in line 1:2 message token recognition error at: '>'
2022-11-29 23:45:19,060 ERROR p.l.ThrowingErrorListener [Test worker] Syntax error in line 1:3 message token recognition error at: '>'
2022-11-29 23:45:19,074 ERROR p.l.ThrowingErrorListener [Test worker] Syntax error in line 1:2 message token recognition error at: '<'
2022-11-29 23:45:19,089 ERROR p.l.ThrowingErrorListener [Test worker] Syntax error in line 1:6 message token recognition error at: '='
2022-11-29 23:45:19,103 ERROR p.l.ThrowingErrorListener [Test worker] Syntax error in line 1:15 extraneous input ')' expecting {<EOF>, SNUMBER, '('}
2022-11-29 23:46:57,290 INFO p.AntlrCalculatorParcer [Test worker] parse tree: (calculation (expression (expression (number 2)) * (expression (number 2))) <EOF>)
2022-11-29 23:46:57,362 INFO p.AntlrCalculatorParcer [Test worker] parse tree: (calculation (expression (expression (number 2)) / (expression (number 2))) <EOF>)
2022-11-29 23:46:57,385 INFO p.AntlrCalculatorParcer [Test worker] parse tree: (calculation (expression (expression (number 2)) + (expression (number 2))) <EOF>)
2022-11-29 23:46:57,409 INFO p.AntlrCalculatorParcer [Test worker] parse tree: (calculation (expression (expression (number 2)) - (expression (number 2))) <EOF>)
2022-11-29 23:46:57,437 INFO p.AntlrCalculatorParcer [Test worker] parse tree: (calculation (expression (expression ( (expression (expression (number 2)) + (expression (number 2))) )) * (expression (number 2))) <EOF>)
2022-11-29 23:46:57,491 INFO p.AntlrCalculatorParcer [Test worker] parse tree: (calculation (expression (expression ( (expression (expression (number 2)) + (expression (number 2))) )) * (expression ( (expression (expression (number 2)) / (expression (number 2))) ))) <EOF>)
2022-11-29 23:46:57,533 INFO p.AntlrCalculatorParcer [Test worker] parse tree: (calculation (expression (expression ( (expression (expression ( (expression (expression (number 2)) + (expression (number 2))) )) * (expression ( (expression (expression (number 2)) / (expression (number 2))) ))) )) - (expression (number 2))) <EOF>)
2022-11-29 23:46:57,559 INFO p.AntlrCalculatorParcer [Test worker] parse tree: (calculation (expression (expression ( (expression (expression (expression (number 2)) ^ (expression (number 2))) * (expression ( (expression (expression (number 2)) / (expression (number 2))) ))) )) - (expression (number 2))) <EOF>)
2022-11-29 23:46:57,596 ERROR p.l.ThrowingErrorListener [Test worker] Syntax error position in line 1:3 extraneous input '*' expecting {SNUMBER, '('}
2022-11-29 23:46:57,618 ERROR p.l.ThrowingErrorListener [Test worker] Syntax error position in line 1:10 missing ')' at '<EOF>'
2022-11-29 23:46:57,635 ERROR p.l.ThrowingErrorListener [Test worker] Syntax error position in line 1:2 message token recognition error at: '='
2022-11-29 23:46:57,650 ERROR p.l.ThrowingErrorListener [Test worker] Syntax error position in line 1:2 message token recognition error at: '>'
2022-11-29 23:46:57,665 ERROR p.l.ThrowingErrorListener [Test worker] Syntax error position in line 1:3 message token recognition error at: '>'
2022-11-29 23:46:57,679 ERROR p.l.ThrowingErrorListener [Test worker] Syntax error position in line 1:2 message token recognition error at: '<'
2022-11-29 23:46:57,693 ERROR p.l.ThrowingErrorListener [Test worker] Syntax error position in line 1:6 message token recognition error at: '='
2022-11-29 23:46:57,709 ERROR p.l.ThrowingErrorListener [Test worker] Syntax error position in line 1:15 extraneous input ')' expecting {<EOF>, SNUMBER, '('}
2022-11-29 23:48:33,625 INFO p.AntlrCalculatorParcer [Test worker] parse tree: (calculation (expression (expression (number 2)) * (expression (number 2))) <EOF>)
2022-11-29 23:48:33,666 INFO p.AntlrCalculatorParcer [Test worker] parse tree: (calculation (expression (expression (number 2)) / (expression (number 2))) <EOF>)
2022-11-29 23:48:33,689 INFO p.AntlrCalculatorParcer [Test worker] parse tree: (calculation (expression (expression (number 2)) + (expression (number 2))) <EOF>)
2022-11-29 23:48:33,712 INFO p.AntlrCalculatorParcer [Test worker] parse tree: (calculation (expression (expression (number 2)) - (expression (number 2))) <EOF>)
2022-11-29 23:48:33,734 INFO p.AntlrCalculatorParcer [Test worker] parse tree: (calculation (expression (expression ( (expression (expression (number 2)) + (expression (number 2))) )) * (expression (number 2))) <EOF>)
2022-11-29 23:48:33,757 INFO p.AntlrCalculatorParcer [Test worker] parse tree: (calculation (expression (expression ( (expression (expression (number 2)) + (expression (number 2))) )) * (expression ( (expression (expression (number 2)) / (expression (number 2))) ))) <EOF>)
2022-11-29 23:48:33,780 INFO p.AntlrCalculatorParcer [Test worker] parse tree: (calculation (expression (expression ( (expression (expression ( (expression (expression (number 2)) + (expression (number 2))) )) * (expression ( (expression (expression (number 2)) / (expression (number 2))) ))) )) - (expression (number 2))) <EOF>)
2022-11-29 23:48:33,802 INFO p.AntlrCalculatorParcer [Test worker] parse tree: (calculation (expression (expression ( (expression (expression (expression (number 2)) ^ (expression (number 2))) * (expression ( (expression (expression (number 2)) / (expression (number 2))) ))) )) - (expression (number 2))) <EOF>)
2022-11-29 23:48:33,834 ERROR p.l.ThrowingErrorListener [Test worker] Syntax error position in line 1:3 extraneous input '*' expecting {SNUMBER, '('}
2022-11-29 23:48:33,852 ERROR p.l.ThrowingErrorListener [Test worker] Syntax error position in line 1:10 missing ')' at '<EOF>'
2022-11-29 23:48:33,867 ERROR p.l.ThrowingErrorListener [Test worker] Syntax error position in line 1:2 message token recognition error at: '='
2022-11-29 23:48:33,880 ERROR p.l.ThrowingErrorListener [Test worker] Syntax error position in line 1:2 message token recognition error at: '>'
2022-11-29 23:48:33,892 ERROR p.l.ThrowingErrorListener [Test worker] Syntax error position in line 1:3 message token recognition error at: '>'
2022-11-29 23:48:33,905 ERROR p.l.ThrowingErrorListener [Test worker] Syntax error position in line 1:2 message token recognition error at: '<'
2022-11-29 23:48:33,918 ERROR p.l.ThrowingErrorListener [Test worker] Syntax error position in line 1:6 message token recognition error at: '='
2022-11-29 23:48:33,932 ERROR p.l.ThrowingErrorListener [Test worker] Syntax error position in line 1:15 extraneous input ')' expecting {<EOF>, SNUMBER, '('}
